[ 1623132ms] ReferenceError: debug is not defined
    at WaveProvider (http://localhost:5173/@fs/D:/TMM/wavy-bavy/src/context/WaveProvider.tsx?t=1770954160326:106:5)
    at renderWithHooks (http://localhost:5173/node_modules/.vite/deps/chunk-GX4FLFDG.js?v=5f89ff65:11546:26)
    at mountIndeterminateComponent (http://localhost:5173/node_modules/.vite/deps/chunk-GX4FLFDG.js?v=5f89ff65:14924:21)
    at beginWork (http://localhost:5173/node_modules/.vite/deps/chunk-GX4FLFDG.js?v=5f89ff65:15912:22)
    at HTMLUnknownElement.callCallback2 (http://localhost:5173/node_modules/.vite/deps/chunk-GX4FLFDG.js?v=5f89ff65:3672:22)
    at Object.invokeGuardedCallbackDev (http://localhost:5173/node_modules/.vite/deps/chunk-GX4FLFDG.js?v=5f89ff65:3697:24)
    at invokeGuardedCallback (http://localhost:5173/node_modules/.vite/deps/chunk-GX4FLFDG.js?v=5f89ff65:3731:39)
    at beginWork$1 (http://localhost:5173/node_modules/.vite/deps/chunk-GX4FLFDG.js?v=5f89ff65:19763:15)
    at performUnitOfWork (http://localhost:5173/node_modules/.vite/deps/chunk-GX4FLFDG.js?v=5f89ff65:19196:20)
    at workLoopSync (http://localhost:5173/node_modules/.vite/deps/chunk-GX4FLFDG.js?v=5f89ff65:19135:13)
[ 1623135ms] ReferenceError: debug is not defined
    at WaveProvider (http://localhost:5173/@fs/D:/TMM/wavy-bavy/src/context/WaveProvider.tsx?t=1770954160326:106:5)
    at renderWithHooks (http://localhost:5173/node_modules/.vite/deps/chunk-GX4FLFDG.js?v=5f89ff65:11546:26)
    at mountIndeterminateComponent (http://localhost:5173/node_modules/.vite/deps/chunk-GX4FLFDG.js?v=5f89ff65:14924:21)
    at beginWork (http://localhost:5173/node_modules/.vite/deps/chunk-GX4FLFDG.js?v=5f89ff65:15912:22)
    at HTMLUnknownElement.callCallback2 (http://localhost:5173/node_modules/.vite/deps/chunk-GX4FLFDG.js?v=5f89ff65:3672:22)
    at Object.invokeGuardedCallbackDev (http://localhost:5173/node_modules/.vite/deps/chunk-GX4FLFDG.js?v=5f89ff65:3697:24)
    at invokeGuardedCallback (http://localhost:5173/node_modules/.vite/deps/chunk-GX4FLFDG.js?v=5f89ff65:3731:39)
    at beginWork$1 (http://localhost:5173/node_modules/.vite/deps/chunk-GX4FLFDG.js?v=5f89ff65:19763:15)
    at performUnitOfWork (http://localhost:5173/node_modules/.vite/deps/chunk-GX4FLFDG.js?v=5f89ff65:19196:20)
    at workLoopSync (http://localhost:5173/node_modules/.vite/deps/chunk-GX4FLFDG.js?v=5f89ff65:19135:13)
[ 1623136ms] [ERROR] The above error occurred in the <WaveProvider> component:

    at WaveProvider (http://localhost:5173/@fs/D:/TMM/wavy-bavy/src/context/WaveProvider.tsx?t=1770954160326:30:42)
    at App (http://localhost:5173/src/App.tsx?t=1770954160326:53:41)

Consider adding an error boundary to your tree to customize error handling behavior.
Visit https://reactjs.org/link/error-boundaries to learn more about error boundaries. @ http://localhost:5173/node_modules/.vite/deps/chunk-GX4FLFDG.js?v=5f89ff65:14029
[ 1623137ms] ReferenceError: debug is not defined
    at WaveProvider (http://localhost:5173/@fs/D:/TMM/wavy-bavy/src/context/WaveProvider.tsx?t=1770954160326:106:5)
    at renderWithHooks (http://localhost:5173/node_modules/.vite/deps/chunk-GX4FLFDG.js?v=5f89ff65:11546:26)
    at mountIndeterminateComponent (http://localhost:5173/node_modules/.vite/deps/chunk-GX4FLFDG.js?v=5f89ff65:14924:21)
    at beginWork (http://localhost:5173/node_modules/.vite/deps/chunk-GX4FLFDG.js?v=5f89ff65:15912:22)
    at beginWork$1 (http://localhost:5173/node_modules/.vite/deps/chunk-GX4FLFDG.js?v=5f89ff65:19751:22)
    at performUnitOfWork (http://localhost:5173/node_modules/.vite/deps/chunk-GX4FLFDG.js?v=5f89ff65:19196:20)
    at workLoopSync (http://localhost:5173/node_modules/.vite/deps/chunk-GX4FLFDG.js?v=5f89ff65:19135:13)
    at renderRootSync (http://localhost:5173/node_modules/.vite/deps/chunk-GX4FLFDG.js?v=5f89ff65:19114:15)
    at recoverFromConcurrentError (http://localhost:5173/node_modules/.vite/deps/chunk-GX4FLFDG.js?v=5f89ff65:18734:28)
    at performSyncWorkOnRoot (http://localhost:5173/node_modules/.vite/deps/chunk-GX4FLFDG.js?v=5f89ff65:18877:28)
